New log file opened at Sun Jun 05 20:16:00 EDT 2016 by 20048@dcheong-pc
Sending msg to client activator-b30e16de-e5cf-40d1-8a4d-cace61ff149c: DetachedLogEvent(LogMessage(debug,sbt server socket logs are in: C:\Users\Douglas\Documents\GitHub\ffff00\.sbtserver\connections\master.log))
Sending msg to client activator-b30e16de-e5cf-40d1-8a4d-cace61ff149c: DetachedLogEvent(LogMessage(debug,sbt general server logs are in: C:\Users\Douglas\Documents\GitHub\ffff00\.sbtserver\master.log))
Sending msg to client activator-b30e16de-e5cf-40d1-8a4d-cace61ff149c: DetachedLogEvent(LogMessage(debug,sbt client logs are in: C:\Users\Douglas\Documents\GitHub\ffff00\.sbtserver\connections\activator-b30e16de-e5cf-40d1-8a4d-cace61ff149c.log))
Dropping message DetachedLogEvent(LogMessage(debug,sbt client logs are in: C:\Users\Douglas\Documents\GitHub\ffff00\.sbtserver\connections\activator-b30e16de-e5cf-40d1-8a4d-cace61ff149c.log)) because client activator-b30e16de-e5cf-40d1-8a4d-cace61ff149c of an exception serializing and sending: java.net.SocketException: Software caused connection abort: socket write error
stack trace sending message was 
java.net.SocketException: Software caused connection abort: socket write error
	at java.net.SocketOutputStream.socketWrite0(Native Method)
	at java.net.SocketOutputStream.socketWrite(SocketOutputStream.java:109)
	at java.net.SocketOutputStream.write(SocketOutputStream.java:153)
	at java.io.BufferedOutputStream.flushBuffer(BufferedOutputStream.java:82)
	at java.io.BufferedOutputStream.flush(BufferedOutputStream.java:140)
	at java.io.DataOutputStream.flush(DataOutputStream.java:123)
	at sbt.impl.ipc.Peer.send(IPC.scala:79)
	at sbt.impl.ipc.Peer.send(IPC.scala:83)
	at sbt.impl.ipc.Peer.sendString(IPC.scala:106)
	at sbt.impl.ipc.Peer.sendJson(IPC.scala:119)
	at sbt.server.SbtClientHandler$$anonfun$send$1.apply$mcV$sp(SbtClientHandler.scala:128)
	at sbt.server.SbtClientHandler.wrappedSend(SbtClientHandler.scala:113)
	at sbt.server.SbtClientHandler.send(SbtClientHandler.scala:128)
	at sbt.server.SbtClientHandler$clientThread$.run(SbtClientHandler.scala:42)
Reading next message from client.
Client activator-b30e16de-e5cf-40d1-8a4d-cace61ff149c closed, java.net.SocketException: socket is closed, shutting down
Dropping message (0,ReceivedResponse()) to dead client activator-b30e16de-e5cf-40d1-8a4d-cace61ff149c
Client activator-b30e16de-e5cf-40d1-8a4d-cace61ff149c thread exiting.
