New log file opened at Mon Jun 06 19:39:50 EDT 2016 by 11463@lawn-128-61-114-60.lawn.gatech.edu
Taking next connection to: 62320
New client attempting to connect on port: 62321-62320
  Address = /128.61.114.60:62320
This client on port 62321 has uuid f48812ed-be82-4170-ac4a-82694bb116a7 configName play-fork-run humanReadableName Play Fork Run protocolVersion 1 featureTags Vector()
Connected Clients: play-fork-run-f48812ed-be82-4170-ac4a-82694bb116a7
Taking next connection to: 62320
Checking to see if clients are empty...
We have 1 non-daemon clients, continuing serving connections.
Taking next connection to: 62320
Checking to see if clients are empty...
We have 1 non-daemon clients, continuing serving connections.
Taking next connection to: 62320
Checking to see if clients are empty...
We have 1 non-daemon clients, continuing serving connections.
Taking next connection to: 62320
Checking to see if clients are empty...
We have 1 non-daemon clients, continuing serving connections.
Taking next connection to: 62320
Checking to see if clients are empty...
We have 1 non-daemon clients, continuing serving connections.
Taking next connection to: 62320
